<?xml version="1.0" encoding="UTF-8"?>
<coverage generated="1723609825262" clover="3.2.0">
  <project timestamp="1723609825262" name="All files">
    <metrics statements="140" coveredstatements="79" conditionals="26" coveredconditionals="3" methods="20" coveredmethods="13" elements="186" coveredelements="95" complexity="0" loc="140" ncloc="140" packages="5" files="6" classes="6"/>
    <package name="config">
      <metrics statements="5" coveredstatements="5" conditionals="0" coveredconditionals="0" methods="0" coveredmethods="0"/>
      <file name="db.js" path="D:\Code\FSJS\phase3\FinalProject\server2\Server\Apollo\config\db.js">
        <metrics statements="5" coveredstatements="5" conditionals="0" coveredconditionals="0" methods="0" coveredmethods="0"/>
        <line num="1" count="1" type="stmt"/>
        <line num="2" count="1" type="stmt"/>
        <line num="4" count="1" type="stmt"/>
        <line num="6" count="1" type="stmt"/>
        <line num="8" count="1" type="stmt"/>
      </file>
    </package>
    <package name="helpers">
      <metrics statements="6" coveredstatements="2" conditionals="0" coveredconditionals="0" methods="2" coveredmethods="0"/>
      <file name="bcryptjs.js" path="D:\Code\FSJS\phase3\FinalProject\server2\Server\Apollo\helpers\bcryptjs.js">
        <metrics statements="6" coveredstatements="2" conditionals="0" coveredconditionals="0" methods="2" coveredmethods="0"/>
        <line num="1" count="1" type="stmt"/>
        <line num="5" count="0" type="stmt"/>
        <line num="6" count="0" type="stmt"/>
        <line num="7" count="0" type="stmt"/>
        <line num="11" count="0" type="stmt"/>
        <line num="14" count="1" type="stmt"/>
      </file>
    </package>
    <package name="models">
      <metrics statements="84" coveredstatements="39" conditionals="22" coveredconditionals="1" methods="10" coveredmethods="6"/>
      <file name="Activity.js" path="D:\Code\FSJS\phase3\FinalProject\server2\Server\Apollo\models\Activity.js">
        <metrics statements="48" coveredstatements="31" conditionals="8" coveredconditionals="1" methods="8" coveredmethods="6"/>
        <line num="1" count="1" type="stmt"/>
        <line num="2" count="1" type="stmt"/>
        <line num="3" count="1" type="stmt"/>
        <line num="16" count="1" type="stmt"/>
        <line num="17" count="1" type="stmt"/>
        <line num="18" count="1" type="stmt"/>
        <line num="19" count="1" type="stmt"/>
        <line num="20" count="1" type="stmt"/>
        <line num="21" count="1" type="stmt"/>
        <line num="23" count="1" type="stmt"/>
        <line num="37" count="1" type="stmt"/>
        <line num="41" count="1" type="stmt"/>
        <line num="48" count="1" type="stmt"/>
        <line num="49" count="1" type="stmt"/>
        <line num="50" count="1" type="stmt"/>
        <line num="54" count="1" type="stmt"/>
        <line num="55" count="1" type="stmt"/>
        <line num="62" count="1" type="stmt"/>
        <line num="66" count="1" type="stmt"/>
        <line num="68" count="1" type="stmt"/>
        <line num="78" count="1" type="stmt"/>
        <line num="79" count="1" type="stmt"/>
        <line num="83" count="1" type="stmt"/>
        <line num="84" count="1" type="stmt"/>
        <line num="91" count="1" type="stmt"/>
        <line num="92" count="1" type="stmt"/>
        <line num="106" count="0" type="stmt"/>
        <line num="107" count="0" type="stmt"/>
        <line num="108" count="0" type="stmt"/>
        <line num="109" count="0" type="stmt"/>
        <line num="120" count="0" type="stmt"/>
        <line num="125" count="0" type="cond" truecount="0" falsecount="2"/>
        <line num="126" count="0" type="stmt"/>
        <line num="131" count="0" type="stmt"/>
        <line num="137" count="0" type="cond" truecount="0" falsecount="2"/>
        <line num="138" count="0" type="stmt"/>
        <line num="141" count="0" type="cond" truecount="0" falsecount="2"/>
        <line num="145" count="1" type="stmt"/>
        <line num="146" count="1" type="stmt"/>
        <line num="150" count="1" type="cond" truecount="1" falsecount="1"/>
        <line num="151" count="0" type="stmt"/>
        <line num="156" count="1" type="stmt"/>
        <line num="160" count="0" type="stmt"/>
        <line num="161" count="0" type="stmt"/>
        <line num="168" count="0" type="stmt"/>
        <line num="174" count="0" type="stmt"/>
        <line num="177" count="0" type="stmt"/>
        <line num="181" count="1" type="stmt"/>
      </file>
      <file name="User.js" path="D:\Code\FSJS\phase3\FinalProject\server2\Server\Apollo\models\User.js">
        <metrics statements="36" coveredstatements="8" conditionals="14" coveredconditionals="0" methods="2" coveredmethods="0"/>
        <line num="1" count="1" type="stmt"/>
        <line num="2" count="1" type="stmt"/>
        <line num="3" count="1" type="stmt"/>
        <line num="4" count="1" type="stmt"/>
        <line num="5" count="1" type="stmt"/>
        <line num="6" count="1" type="stmt"/>
        <line num="10" count="1" type="stmt"/>
        <line num="19" count="0" type="stmt"/>
        <line num="26" count="0" type="cond" truecount="0" falsecount="2"/>
        <line num="27" count="0" type="stmt"/>
        <line num="30" count="0" type="stmt"/>
        <line num="32" count="0" type="stmt"/>
        <line num="33" count="0" type="cond" truecount="0" falsecount="2"/>
        <line num="34" count="0" type="stmt"/>
        <line num="36" count="0" type="stmt"/>
        <line num="37" count="0" type="stmt"/>
        <line num="38" count="0" type="cond" truecount="0" falsecount="2"/>
        <line num="39" count="0" type="stmt"/>
        <line num="42" count="0" type="stmt"/>
        <line num="43" count="0" type="stmt"/>
        <line num="50" count="0" type="stmt"/>
        <line num="51" count="0" type="stmt"/>
        <line num="55" count="0" type="cond" truecount="0" falsecount="2"/>
        <line num="56" count="0" type="stmt"/>
        <line num="58" count="0" type="cond" truecount="0" falsecount="2"/>
        <line num="59" count="0" type="stmt"/>
        <line num="62" count="0" type="stmt"/>
        <line num="64" count="0" type="stmt"/>
        <line num="65" count="0" type="cond" truecount="0" falsecount="2"/>
        <line num="66" count="0" type="stmt"/>
        <line num="68" count="0" type="cond" truecount="0" falsecount="2"/>
        <line num="69" count="0" type="stmt"/>
        <line num="71" count="0" type="stmt"/>
        <line num="75" count="0" type="stmt"/>
        <line num="76" count="0" type="stmt"/>
        <line num="80" count="1" type="stmt"/>
      </file>
    </package>
    <package name="resolvers">
      <metrics statements="43" coveredstatements="31" conditionals="4" coveredconditionals="2" methods="8" coveredmethods="7"/>
      <file name="activity.js" path="D:\Code\FSJS\phase3\FinalProject\server2\Server\Apollo\resolvers\activity.js">
        <metrics statements="43" coveredstatements="31" conditionals="4" coveredconditionals="2" methods="8" coveredmethods="7"/>
        <line num="1" count="1" type="stmt"/>
        <line num="2" count="1" type="stmt"/>
        <line num="3" count="1" type="stmt"/>
        <line num="5" count="1" type="stmt"/>
        <line num="8" count="1" type="stmt"/>
        <line num="9" count="1" type="stmt"/>
        <line num="10" count="1" type="stmt"/>
        <line num="12" count="0" type="stmt"/>
        <line num="16" count="1" type="stmt"/>
        <line num="17" count="1" type="stmt"/>
        <line num="18" count="1" type="stmt"/>
        <line num="21" count="1" type="stmt"/>
        <line num="22" count="1" type="stmt"/>
        <line num="23" count="1" type="stmt"/>
        <line num="26" count="1" type="stmt"/>
        <line num="27" count="1" type="stmt"/>
        <line num="28" count="1" type="stmt"/>
        <line num="33" count="1" type="stmt"/>
        <line num="34" count="1" type="stmt"/>
        <line num="35" count="1" type="cond" truecount="1" falsecount="1"/>
        <line num="36" count="1" type="stmt"/>
        <line num="47" count="1" type="stmt"/>
        <line num="50" count="0" type="stmt"/>
        <line num="63" count="0" type="stmt"/>
        <line num="64" count="0" type="stmt"/>
        <line num="66" count="0" type="stmt"/>
        <line num="77" count="0" type="stmt"/>
        <line num="80" count="1" type="stmt"/>
        <line num="81" count="1" type="stmt"/>
        <line num="82" count="1" type="cond" truecount="1" falsecount="1"/>
        <line num="83" count="1" type="stmt"/>
        <line num="87" count="1" type="stmt"/>
        <line num="89" count="0" type="stmt"/>
        <line num="94" count="1" type="stmt"/>
        <line num="95" count="1" type="stmt"/>
        <line num="96" count="1" type="stmt"/>
        <line num="97" count="1" type="stmt"/>
        <line num="98" count="0" type="stmt"/>
        <line num="99" count="0" type="stmt"/>
        <line num="100" count="0" type="stmt"/>
        <line num="107" count="0" type="stmt"/>
        <line num="108" count="0" type="stmt"/>
        <line num="113" count="1" type="stmt"/>
      </file>
    </package>
    <package name="schema">
      <metrics statements="2" coveredstatements="2" conditionals="0" coveredconditionals="0" methods="0" coveredmethods="0"/>
      <file name="activity.js" path="D:\Code\FSJS\phase3\FinalProject\server2\Server\Apollo\schema\activity.js">
        <metrics statements="2" coveredstatements="2" conditionals="0" coveredconditionals="0" methods="0" coveredmethods="0"/>
        <line num="1" count="1" type="stmt"/>
        <line num="53" count="1" type="stmt"/>
      </file>
    </package>
  </project>
</coverage>
