{"C:\\dev\\Hacktiv8\\w16\\Server\\Apollo\\config\\db.js": {"path":"C:\\dev\\Hacktiv8\\w16\\Server\\Apollo\\config\\db.js","statementMap":{"0":{"start":{"line":1,"column":24},"end":{"line":1,"column":42}},"1":{"start":{"line":2,"column":12},"end":{"line":2,"column":35}},"2":{"start":{"line":4,"column":15},"end":{"line":4,"column":35}},"3":{"start":{"line":6,"column":11},"end":{"line":6,"column":30}},"4":{"start":{"line":8,"column":0},"end":{"line":11,"column":2}}},"fnMap":{},"branchMap":{},"s":{"0":1,"1":1,"2":1,"3":1,"4":1},"f":{},"b":{},"_coverageSchema":"1a1c01bbd47fc00a2c39e90264f33305004495a9","hash":"d8bc9aece499d9ced0b265b5a4b94979d30a6f25"}
,"C:\\dev\\Hacktiv8\\w16\\Server\\Apollo\\config\\midtransConfig.js": {"path":"C:\\dev\\Hacktiv8\\w16\\Server\\Apollo\\config\\midtransConfig.js","statementMap":{"0":{"start":{"line":1,"column":23},"end":{"line":1,"column":49}},"1":{"start":{"line":3,"column":13},"end":{"line":7,"column":2}},"2":{"start":{"line":9,"column":0},"end":{"line":9,"column":22}}},"fnMap":{},"branchMap":{},"s":{"0":1,"1":1,"2":1},"f":{},"b":{},"_coverageSchema":"1a1c01bbd47fc00a2c39e90264f33305004495a9","hash":"0b60e15f9f81e91a1da697921935fedfd8d816af"}
,"C:\\dev\\Hacktiv8\\w16\\Server\\Apollo\\config\\redis.js": {"path":"C:\\dev\\Hacktiv8\\w16\\Server\\Apollo\\config\\redis.js","statementMap":{"0":{"start":{"line":1,"column":14},"end":{"line":1,"column":32}},"1":{"start":{"line":5,"column":14},"end":{"line":11,"column":4}},"2":{"start":{"line":13,"column":2},"end":{"line":13,"column":24}}},"fnMap":{},"branchMap":{},"s":{"0":1,"1":1,"2":1},"f":{},"b":{},"_coverageSchema":"1a1c01bbd47fc00a2c39e90264f33305004495a9","hash":"abc3925b0b0ba6846c37fb51686f9026ab88978b"}
,"C:\\dev\\Hacktiv8\\w16\\Server\\Apollo\\models\\Activity.js": {"path":"C:\\dev\\Hacktiv8\\w16\\Server\\Apollo\\models\\Activity.js","statementMap":{"0":{"start":{"line":1,"column":25},"end":{"line":1,"column":43}},"1":{"start":{"line":2,"column":15},"end":{"line":2,"column":38}},"2":{"start":{"line":3,"column":21},"end":{"line":3,"column":39}},"3":{"start":{"line":16,"column":27},"end":{"line":16,"column":54}},"4":{"start":{"line":17,"column":18},"end":{"line":17,"column":20}},"5":{"start":{"line":18,"column":20},"end":{"line":18,"column":30}},"6":{"start":{"line":19,"column":20},"end":{"line":19,"column":30}},"7":{"start":{"line":20,"column":20},"end":{"line":20,"column":22}},"8":{"start":{"line":21,"column":17},"end":{"line":21,"column":43}},"9":{"start":{"line":23,"column":17},"end":{"line":36,"column":6}},"10":{"start":{"line":37,"column":4},"end":{"line":37,"column":68}},"11":{"start":{"line":41,"column":19},"end":{"line":47,"column":5}},"12":{"start":{"line":48,"column":27},"end":{"line":48,"column":54}},"13":{"start":{"line":49,"column":17},"end":{"line":49,"column":67}},"14":{"start":{"line":50,"column":4},"end":{"line":50,"column":18}},"15":{"start":{"line":54,"column":31},"end":{"line":54,"column":58}},"16":{"start":{"line":55,"column":18},"end":{"line":61,"column":16}},"17":{"start":{"line":62,"column":4},"end":{"line":62,"column":19}},"18":{"start":{"line":66,"column":27},"end":{"line":66,"column":54}},"19":{"start":{"line":68,"column":19},"end":{"line":77,"column":5}},"20":{"start":{"line":78,"column":17},"end":{"line":78,"column":67}},"21":{"start":{"line":79,"column":4},"end":{"line":79,"column":21}},"22":{"start":{"line":83,"column":27},"end":{"line":83,"column":54}},"23":{"start":{"line":84,"column":19},"end":{"line":90,"column":5}},"24":{"start":{"line":91,"column":17},"end":{"line":91,"column":67}},"25":{"start":{"line":92,"column":4},"end":{"line":92,"column":18}},"26":{"start":{"line":106,"column":31},"end":{"line":106,"column":58}},"27":{"start":{"line":107,"column":27},"end":{"line":107,"column":47}},"28":{"start":{"line":108,"column":29},"end":{"line":108,"column":53}},"29":{"start":{"line":109,"column":4},"end":{"line":118,"column":6}},"30":{"start":{"line":120,"column":18},"end":{"line":123,"column":6}},"31":{"start":{"line":125,"column":4},"end":{"line":129,"column":5}},"32":{"start":{"line":126,"column":6},"end":{"line":128,"column":8}},"33":{"start":{"line":131,"column":19},"end":{"line":135,"column":5}},"34":{"start":{"line":137,"column":4},"end":{"line":139,"column":5}},"35":{"start":{"line":138,"column":6},"end":{"line":138,"column":49}},"36":{"start":{"line":141,"column":4},"end":{"line":141,"column":34}},"37":{"start":{"line":145,"column":27},"end":{"line":145,"column":54}},"38":{"start":{"line":146,"column":19},"end":{"line":149,"column":6}},"39":{"start":{"line":150,"column":4},"end":{"line":154,"column":5}},"40":{"start":{"line":151,"column":6},"end":{"line":153,"column":8}},"41":{"start":{"line":156,"column":4},"end":{"line":156,"column":30}},"42":{"start":{"line":160,"column":27},"end":{"line":160,"column":54}},"43":{"start":{"line":161,"column":17},"end":{"line":167,"column":5}},"44":{"start":{"line":168,"column":19},"end":{"line":173,"column":5}},"45":{"start":{"line":174,"column":20},"end":{"line":176,"column":6}},"46":{"start":{"line":177,"column":4},"end":{"line":177,"column":19}},"47":{"start":{"line":181,"column":0},"end":{"line":181,"column":26}}},"fnMap":{"0":{"name":"(anonymous_0)","decl":{"start":{"line":6,"column":2},"end":{"line":6,"column":3}},"loc":{"start":{"line":15,"column":4},"end":{"line":38,"column":3}},"line":15},"1":{"name":"(anonymous_1)","decl":{"start":{"line":40,"column":2},"end":{"line":40,"column":3}},"loc":{"start":{"line":40,"column":25},"end":{"line":51,"column":3}},"line":40},"2":{"name":"(anonymous_2)","decl":{"start":{"line":53,"column":2},"end":{"line":53,"column":3}},"loc":{"start":{"line":53,"column":34},"end":{"line":63,"column":3}},"line":53},"3":{"name":"(anonymous_3)","decl":{"start":{"line":65,"column":2},"end":{"line":65,"column":3}},"loc":{"start":{"line":65,"column":29},"end":{"line":80,"column":3}},"line":65},"4":{"name":"(anonymous_4)","decl":{"start":{"line":82,"column":2},"end":{"line":82,"column":3}},"loc":{"start":{"line":82,"column":42},"end":{"line":93,"column":3}},"line":82},"5":{"name":"(anonymous_5)","decl":{"start":{"line":95,"column":2},"end":{"line":95,"column":3}},"loc":{"start":{"line":105,"column":4},"end":{"line":142,"column":3}},"line":105},"6":{"name":"(anonymous_6)","decl":{"start":{"line":144,"column":2},"end":{"line":144,"column":3}},"loc":{"start":{"line":144,"column":59},"end":{"line":157,"column":3}},"line":144},"7":{"name":"(anonymous_7)","decl":{"start":{"line":159,"column":2},"end":{"line":159,"column":3}},"loc":{"start":{"line":159,"column":69},"end":{"line":178,"column":3}},"line":159}},"branchMap":{"0":{"loc":{"start":{"line":125,"column":4},"end":{"line":129,"column":5}},"type":"if","locations":[{"start":{"line":125,"column":4},"end":{"line":129,"column":5}},{"start":{},"end":{}}],"line":125},"1":{"loc":{"start":{"line":137,"column":4},"end":{"line":139,"column":5}},"type":"if","locations":[{"start":{"line":137,"column":4},"end":{"line":139,"column":5}},{"start":{},"end":{}}],"line":137},"2":{"loc":{"start":{"line":141,"column":11},"end":{"line":141,"column":33}},"type":"binary-expr","locations":[{"start":{"line":141,"column":11},"end":{"line":141,"column":23}},{"start":{"line":141,"column":27},"end":{"line":141,"column":33}}],"line":141},"3":{"loc":{"start":{"line":150,"column":4},"end":{"line":154,"column":5}},"type":"if","locations":[{"start":{"line":150,"column":4},"end":{"line":154,"column":5}},{"start":{},"end":{}}],"line":150}},"s":{"0":1,"1":1,"2":1,"3":0,"4":0,"5":0,"6":0,"7":0,"8":0,"9":0,"10":0,"11":4,"12":4,"13":4,"14":4,"15":0,"16":0,"17":0,"18":0,"19":0,"20":0,"21":0,"22":0,"23":0,"24":0,"25":0,"26":0,"27":0,"28":0,"29":0,"30":0,"31":0,"32":0,"33":0,"34":0,"35":0,"36":0,"37":0,"38":0,"39":0,"40":0,"41":0,"42":0,"43":0,"44":0,"45":0,"46":0,"47":1},"f":{"0":0,"1":4,"2":0,"3":0,"4":0,"5":0,"6":0,"7":0},"b":{"0":[0,0],"1":[0,0],"2":[0,0],"3":[0,0]},"_coverageSchema":"1a1c01bbd47fc00a2c39e90264f33305004495a9","hash":"e5f917bc3608d4c12d29ba6c722ba652faf36fab"}
,"C:\\dev\\Hacktiv8\\w16\\Server\\Apollo\\models\\Trip.js": {"path":"C:\\dev\\Hacktiv8\\w16\\Server\\Apollo\\models\\Trip.js","statementMap":{"0":{"start":{"line":1,"column":21},"end":{"line":1,"column":39}},"1":{"start":{"line":2,"column":15},"end":{"line":2,"column":38}},"2":{"start":{"line":3,"column":25},"end":{"line":3,"column":43}},"3":{"start":{"line":4,"column":13},"end":{"line":4,"column":48}},"4":{"start":{"line":8,"column":48},"end":{"line":8,"column":57}},"5":{"start":{"line":9,"column":4},"end":{"line":11,"column":5}},"6":{"start":{"line":10,"column":6},"end":{"line":10,"column":56}},"7":{"start":{"line":13,"column":4},"end":{"line":15,"column":5}},"8":{"start":{"line":14,"column":6},"end":{"line":14,"column":55}},"9":{"start":{"line":16,"column":4},"end":{"line":18,"column":5}},"10":{"start":{"line":17,"column":6},"end":{"line":17,"column":53}},"11":{"start":{"line":19,"column":27},"end":{"line":19,"column":49}},"12":{"start":{"line":21,"column":19},"end":{"line":31,"column":6}},"13":{"start":{"line":32,"column":6},"end":{"line":32,"column":44}},"14":{"start":{"line":36,"column":27},"end":{"line":36,"column":49}},"15":{"start":{"line":38,"column":19},"end":{"line":41,"column":6}},"16":{"start":{"line":42,"column":4},"end":{"line":42,"column":39}},"17":{"start":{"line":46,"column":59},"end":{"line":46,"column":72}},"18":{"start":{"line":47,"column":27},"end":{"line":47,"column":49}},"19":{"start":{"line":48,"column":31},"end":{"line":48,"column":58}},"20":{"start":{"line":50,"column":21},"end":{"line":52,"column":6}},"21":{"start":{"line":54,"column":19},"end":{"line":72,"column":5}},"22":{"start":{"line":73,"column":6},"end":{"line":73,"column":66}},"23":{"start":{"line":78,"column":27},"end":{"line":78,"column":49}},"24":{"start":{"line":79,"column":17},"end":{"line":79,"column":76}},"25":{"start":{"line":80,"column":20},"end":{"line":80,"column":59}},"26":{"start":{"line":82,"column":20},"end":{"line":90,"column":5}},"27":{"start":{"line":91,"column":4},"end":{"line":101,"column":5}},"28":{"start":{"line":92,"column":26},"end":{"line":92,"column":65}},"29":{"start":{"line":93,"column":6},"end":{"line":98,"column":8}},"30":{"start":{"line":100,"column":6},"end":{"line":100,"column":55}},"31":{"start":{"line":105,"column":21},"end":{"line":139,"column":5}},"32":{"start":{"line":140,"column":27},"end":{"line":140,"column":49}},"33":{"start":{"line":141,"column":19},"end":{"line":141,"column":69}},"34":{"start":{"line":142,"column":4},"end":{"line":142,"column":35}},"35":{"start":{"line":143,"column":4},"end":{"line":143,"column":18}},"36":{"start":{"line":147,"column":21},"end":{"line":214,"column":5}},"37":{"start":{"line":215,"column":27},"end":{"line":215,"column":49}},"38":{"start":{"line":216,"column":19},"end":{"line":216,"column":69}},"39":{"start":{"line":217,"column":4},"end":{"line":217,"column":17}},"40":{"start":{"line":230,"column":27},"end":{"line":230,"column":49}},"41":{"start":{"line":231,"column":31},"end":{"line":231,"column":58}},"42":{"start":{"line":233,"column":21},"end":{"line":235,"column":6}},"43":{"start":{"line":237,"column":17},"end":{"line":246,"column":5}},"44":{"start":{"line":248,"column":4},"end":{"line":250,"column":5}},"45":{"start":{"line":249,"column":6},"end":{"line":249,"column":63}},"46":{"start":{"line":252,"column":21},"end":{"line":252,"column":48}},"47":{"start":{"line":253,"column":18},"end":{"line":253,"column":32}},"48":{"start":{"line":255,"column":19},"end":{"line":270,"column":5}},"49":{"start":{"line":271,"column":6},"end":{"line":271,"column":55}},"50":{"start":{"line":274,"column":35},"end":{"line":274,"column":44}},"51":{"start":{"line":275,"column":4},"end":{"line":277,"column":5}},"52":{"start":{"line":276,"column":6},"end":{"line":276,"column":52}},"53":{"start":{"line":278,"column":27},"end":{"line":278,"column":49}},"54":{"start":{"line":279,"column":19},"end":{"line":282,"column":5}},"55":{"start":{"line":283,"column":22},"end":{"line":288,"column":5}},"56":{"start":{"line":289,"column":19},"end":{"line":289,"column":68}},"57":{"start":{"line":290,"column":4},"end":{"line":290,"column":44}},"58":{"start":{"line":297,"column":27},"end":{"line":297,"column":49}},"59":{"start":{"line":298,"column":19},"end":{"line":301,"column":5}},"60":{"start":{"line":309,"column":20},"end":{"line":311,"column":5}},"61":{"start":{"line":312,"column":18},"end":{"line":312,"column":54}},"62":{"start":{"line":315,"column":17},"end":{"line":315,"column":96}},"63":{"start":{"line":315,"column":47},"end":{"line":315,"column":95}},"64":{"start":{"line":316,"column":27},"end":{"line":316,"column":40}},"65":{"start":{"line":317,"column":24},"end":{"line":317,"column":34}},"66":{"start":{"line":320,"column":16},"end":{"line":325,"column":6}},"67":{"start":{"line":321,"column":6},"end":{"line":323,"column":7}},"68":{"start":{"line":322,"column":8},"end":{"line":322,"column":101}},"69":{"start":{"line":324,"column":6},"end":{"line":324,"column":18}},"70":{"start":{"line":327,"column":26},"end":{"line":329,"column":9}},"71":{"start":{"line":328,"column":6},"end":{"line":328,"column":30}},"72":{"start":{"line":339,"column":19},"end":{"line":344,"column":15}},"73":{"start":{"line":346,"column":4},"end":{"line":346,"column":52}},"74":{"start":{"line":350,"column":0},"end":{"line":350,"column":22}}},"fnMap":{"0":{"name":"(anonymous_0)","decl":{"start":{"line":7,"column":2},"end":{"line":7,"column":3}},"loc":{"start":{"line":7,"column":49},"end":{"line":33,"column":3}},"line":7},"1":{"name":"(anonymous_1)","decl":{"start":{"line":35,"column":2},"end":{"line":35,"column":3}},"loc":{"start":{"line":35,"column":46},"end":{"line":43,"column":3}},"line":35},"2":{"name":"(anonymous_2)","decl":{"start":{"line":45,"column":2},"end":{"line":45,"column":3}},"loc":{"start":{"line":45,"column":58},"end":{"line":75,"column":3}},"line":45},"3":{"name":"(anonymous_3)","decl":{"start":{"line":77,"column":2},"end":{"line":77,"column":3}},"loc":{"start":{"line":77,"column":45},"end":{"line":102,"column":3}},"line":77},"4":{"name":"(anonymous_4)","decl":{"start":{"line":104,"column":2},"end":{"line":104,"column":3}},"loc":{"start":{"line":104,"column":36},"end":{"line":144,"column":3}},"line":104},"5":{"name":"(anonymous_5)","decl":{"start":{"line":146,"column":2},"end":{"line":146,"column":3}},"loc":{"start":{"line":146,"column":35},"end":{"line":218,"column":3}},"line":146},"6":{"name":"(anonymous_6)","decl":{"start":{"line":229,"column":2},"end":{"line":229,"column":3}},"loc":{"start":{"line":229,"column":70},"end":{"line":272,"column":3}},"line":229},"7":{"name":"(anonymous_7)","decl":{"start":{"line":273,"column":2},"end":{"line":273,"column":3}},"loc":{"start":{"line":273,"column":61},"end":{"line":291,"column":3}},"line":273},"8":{"name":"(anonymous_8)","decl":{"start":{"line":296,"column":2},"end":{"line":296,"column":3}},"loc":{"start":{"line":296,"column":87},"end":{"line":347,"column":3}},"line":296},"9":{"name":"(anonymous_9)","decl":{"start":{"line":315,"column":39},"end":{"line":315,"column":40}},"loc":{"start":{"line":315,"column":47},"end":{"line":315,"column":95}},"line":315},"10":{"name":"(anonymous_10)","decl":{"start":{"line":320,"column":37},"end":{"line":320,"column":38}},"loc":{"start":{"line":320,"column":45},"end":{"line":325,"column":5}},"line":320},"11":{"name":"(anonymous_11)","decl":{"start":{"line":327,"column":39},"end":{"line":327,"column":40}},"loc":{"start":{"line":327,"column":54},"end":{"line":329,"column":5}},"line":327}},"branchMap":{"0":{"loc":{"start":{"line":9,"column":4},"end":{"line":11,"column":5}},"type":"if","locations":[{"start":{"line":9,"column":4},"end":{"line":11,"column":5}},{"start":{},"end":{}}],"line":9},"1":{"loc":{"start":{"line":13,"column":4},"end":{"line":15,"column":5}},"type":"if","locations":[{"start":{"line":13,"column":4},"end":{"line":15,"column":5}},{"start":{},"end":{}}],"line":13},"2":{"loc":{"start":{"line":16,"column":4},"end":{"line":18,"column":5}},"type":"if","locations":[{"start":{"line":16,"column":4},"end":{"line":18,"column":5}},{"start":{},"end":{}}],"line":16},"3":{"loc":{"start":{"line":248,"column":4},"end":{"line":250,"column":5}},"type":"if","locations":[{"start":{"line":248,"column":4},"end":{"line":250,"column":5}},{"start":{},"end":{}}],"line":248},"4":{"loc":{"start":{"line":248,"column":8},"end":{"line":248,"column":45}},"type":"binary-expr","locations":[{"start":{"line":248,"column":8},"end":{"line":248,"column":13}},{"start":{"line":248,"column":17},"end":{"line":248,"column":45}}],"line":248},"5":{"loc":{"start":{"line":275,"column":4},"end":{"line":277,"column":5}},"type":"if","locations":[{"start":{"line":275,"column":4},"end":{"line":277,"column":5}},{"start":{},"end":{}}],"line":275},"6":{"loc":{"start":{"line":275,"column":8},"end":{"line":275,"column":30}},"type":"binary-expr","locations":[{"start":{"line":275,"column":8},"end":{"line":275,"column":18}},{"start":{"line":275,"column":22},"end":{"line":275,"column":30}}],"line":275},"7":{"loc":{"start":{"line":321,"column":6},"end":{"line":323,"column":7}},"type":"if","locations":[{"start":{"line":321,"column":6},"end":{"line":323,"column":7}},{"start":{},"end":{}}],"line":321}},"s":{"0":1,"1":1,"2":1,"3":1,"4":4,"5":4,"6":1,"7":3,"8":1,"9":2,"10":1,"11":1,"12":1,"13":1,"14":1,"15":1,"16":1,"17":1,"18":1,"19":1,"20":1,"21":1,"22":1,"23":2,"24":2,"25":1,"26":1,"27":1,"28":1,"29":1,"30":0,"31":1,"32":1,"33":1,"34":1,"35":1,"36":1,"37":1,"38":1,"39":1,"40":1,"41":1,"42":1,"43":1,"44":1,"45":0,"46":1,"47":1,"48":1,"49":1,"50":1,"51":1,"52":0,"53":1,"54":1,"55":1,"56":1,"57":1,"58":1,"59":1,"60":1,"61":1,"62":1,"63":1,"64":1,"65":1,"66":1,"67":1,"68":1,"69":0,"70":1,"71":1,"72":1,"73":1,"74":1},"f":{"0":4,"1":1,"2":1,"3":2,"4":1,"5":1,"6":1,"7":1,"8":1,"9":1,"10":1,"11":1},"b":{"0":[1,3],"1":[1,2],"2":[1,1],"3":[0,1],"4":[1,1],"5":[0,1],"6":[1,1],"7":[1,0]},"_coverageSchema":"1a1c01bbd47fc00a2c39e90264f33305004495a9","hash":"629d21023541af57acab3bc0b56f5b391fc7d1d1"}
,"C:\\dev\\Hacktiv8\\w16\\Server\\Apollo\\resolvers\\trip.js": {"path":"C:\\dev\\Hacktiv8\\w16\\Server\\Apollo\\resolvers\\trip.js","statementMap":{"0":{"start":{"line":12,"column":4},"end":{"line":12,"column":29}},"1":{"start":{"line":13,"column":14},"end":{"line":13,"column":40}},"2":{"start":{"line":15,"column":18},"end":{"line":91,"column":1}},"3":{"start":{"line":18,"column":22},"end":{"line":18,"column":57}},"4":{"start":{"line":19,"column":25},"end":{"line":19,"column":35}},"5":{"start":{"line":20,"column":25},"end":{"line":20,"column":53}},"6":{"start":{"line":21,"column":21},"end":{"line":21,"column":47}},"7":{"start":{"line":22,"column":6},"end":{"line":22,"column":59}},"8":{"start":{"line":23,"column":6},"end":{"line":23,"column":20}},"9":{"start":{"line":26,"column":6},"end":{"line":26,"column":42}},"10":{"start":{"line":27,"column":21},"end":{"line":27,"column":46}},"11":{"start":{"line":28,"column":6},"end":{"line":28,"column":23}},"12":{"start":{"line":34,"column":22},"end":{"line":34,"column":57}},"13":{"start":{"line":35,"column":25},"end":{"line":35,"column":35}},"14":{"start":{"line":36,"column":21},"end":{"line":36,"column":60}},"15":{"start":{"line":37,"column":6},"end":{"line":37,"column":35}},"16":{"start":{"line":39,"column":6},"end":{"line":39,"column":20}},"17":{"start":{"line":43,"column":22},"end":{"line":43,"column":57}},"18":{"start":{"line":44,"column":25},"end":{"line":44,"column":35}},"19":{"start":{"line":46,"column":21},"end":{"line":46,"column":57}},"20":{"start":{"line":47,"column":6},"end":{"line":47,"column":35}},"21":{"start":{"line":48,"column":6},"end":{"line":48,"column":20}},"22":{"start":{"line":52,"column":22},"end":{"line":52,"column":57}},"23":{"start":{"line":53,"column":25},"end":{"line":53,"column":35}},"24":{"start":{"line":55,"column":21},"end":{"line":55,"column":69}},"25":{"start":{"line":56,"column":6},"end":{"line":56,"column":35}},"26":{"start":{"line":58,"column":6},"end":{"line":58,"column":20}},"27":{"start":{"line":61,"column":21},"end":{"line":61,"column":56}},"28":{"start":{"line":62,"column":6},"end":{"line":62,"column":20}},"29":{"start":{"line":66,"column":22},"end":{"line":66,"column":57}},"30":{"start":{"line":67,"column":25},"end":{"line":67,"column":35}},"31":{"start":{"line":69,"column":21},"end":{"line":73,"column":7}},"32":{"start":{"line":75,"column":6},"end":{"line":75,"column":20}},"33":{"start":{"line":78,"column":22},"end":{"line":78,"column":57}},"34":{"start":{"line":79,"column":25},"end":{"line":79,"column":35}},"35":{"start":{"line":81,"column":21},"end":{"line":81,"column":72}},"36":{"start":{"line":82,"column":6},"end":{"line":82,"column":33}},"37":{"start":{"line":85,"column":22},"end":{"line":85,"column":57}},"38":{"start":{"line":86,"column":25},"end":{"line":86,"column":35}},"39":{"start":{"line":87,"column":21},"end":{"line":87,"column":98}},"40":{"start":{"line":88,"column":6},"end":{"line":88,"column":33}},"41":{"start":{"line":92,"column":0},"end":{"line":92,"column":27}}},"fnMap":{"0":{"name":"(anonymous_0)","decl":{"start":{"line":17,"column":26},"end":{"line":17,"column":27}},"loc":{"start":{"line":17,"column":57},"end":{"line":24,"column":5}},"line":17},"1":{"name":"(anonymous_1)","decl":{"start":{"line":25,"column":17},"end":{"line":25,"column":18}},"loc":{"start":{"line":25,"column":56},"end":{"line":29,"column":5}},"line":25},"2":{"name":"(anonymous_2)","decl":{"start":{"line":33,"column":13},"end":{"line":33,"column":14}},"loc":{"start":{"line":33,"column":55},"end":{"line":40,"column":5}},"line":33},"3":{"name":"(anonymous_3)","decl":{"start":{"line":42,"column":16},"end":{"line":42,"column":17}},"loc":{"start":{"line":42,"column":55},"end":{"line":49,"column":5}},"line":42},"4":{"name":"(anonymous_4)","decl":{"start":{"line":51,"column":23},"end":{"line":51,"column":24}},"loc":{"start":{"line":51,"column":69},"end":{"line":59,"column":5}},"line":51},"5":{"name":"(anonymous_5)","decl":{"start":{"line":60,"column":19},"end":{"line":60,"column":20}},"loc":{"start":{"line":60,"column":52},"end":{"line":63,"column":5}},"line":60},"6":{"name":"(anonymous_6)","decl":{"start":{"line":65,"column":28},"end":{"line":65,"column":29}},"loc":{"start":{"line":65,"column":79},"end":{"line":76,"column":5}},"line":65},"7":{"name":"(anonymous_7)","decl":{"start":{"line":77,"column":20},"end":{"line":77,"column":21}},"loc":{"start":{"line":77,"column":70},"end":{"line":83,"column":5}},"line":77},"8":{"name":"(anonymous_8)","decl":{"start":{"line":84,"column":32},"end":{"line":84,"column":33}},"loc":{"start":{"line":84,"column":96},"end":{"line":89,"column":5}},"line":84}},"branchMap":{},"s":{"0":1,"1":1,"2":1,"3":1,"4":1,"5":1,"6":1,"7":1,"8":1,"9":1,"10":1,"11":1,"12":4,"13":4,"14":4,"15":1,"16":1,"17":1,"18":1,"19":1,"20":1,"21":1,"22":1,"23":1,"24":1,"25":1,"26":1,"27":2,"28":1,"29":1,"30":1,"31":1,"32":1,"33":1,"34":1,"35":1,"36":1,"37":1,"38":1,"39":1,"40":1,"41":1},"f":{"0":1,"1":1,"2":4,"3":1,"4":1,"5":2,"6":1,"7":1,"8":1},"b":{},"_coverageSchema":"1a1c01bbd47fc00a2c39e90264f33305004495a9","hash":"9bfec23d3bc45ffb765ed5ea9bbc6f254bda46fd"}
,"C:\\dev\\Hacktiv8\\w16\\Server\\Apollo\\schema\\trip.js": {"path":"C:\\dev\\Hacktiv8\\w16\\Server\\Apollo\\schema\\trip.js","statementMap":{"0":{"start":{"line":1,"column":17},"end":{"line":107,"column":1}},"1":{"start":{"line":109,"column":0},"end":{"line":109,"column":26}}},"fnMap":{},"branchMap":{},"s":{"0":1,"1":1},"f":{},"b":{},"_coverageSchema":"1a1c01bbd47fc00a2c39e90264f33305004495a9","hash":"986f49d9532f7d0e16041faa67ee9aa32e9970eb"}
}
