TN:
SF:config\db.js
FNF:0
FNH:0
DA:1,1
DA:2,1
DA:4,1
DA:6,1
DA:8,1
LF:5
LH:5
BRF:0
BRH:0
end_of_record
TN:
SF:config\midtransConfig.js
FNF:0
FNH:0
DA:1,1
DA:3,1
DA:9,1
LF:3
LH:3
BRF:0
BRH:0
end_of_record
TN:
SF:config\redis.js
FNF:0
FNH:0
DA:1,1
DA:5,1
DA:13,1
LF:3
LH:3
BRF:0
BRH:0
end_of_record
TN:
SF:models\Trip.js
FN:7,(anonymous_0)
FN:40,(anonymous_1)
FN:55,(anonymous_2)
FN:91,(anonymous_3)
FN:122,(anonymous_4)
FN:164,(anonymous_5)
FN:247,(anonymous_6)
FN:296,(anonymous_7)
FN:322,(anonymous_8)
FN:343,(anonymous_9)
FN:348,(anonymous_10)
FN:355,(anonymous_11)
FN:380,(anonymous_12)
FNF:13
FNH:3
FNDA:1,(anonymous_0)
FNDA:0,(anonymous_1)
FNDA:0,(anonymous_2)
FNDA:0,(anonymous_3)
FNDA:1,(anonymous_4)
FNDA:2,(anonymous_5)
FNDA:0,(anonymous_6)
FNDA:0,(anonymous_7)
FNDA:0,(anonymous_8)
FNDA:0,(anonymous_9)
FNDA:0,(anonymous_10)
FNDA:0,(anonymous_11)
FNDA:0,(anonymous_12)
DA:1,1
DA:2,1
DA:3,1
DA:4,1
DA:8,1
DA:9,1
DA:10,0
DA:13,1
DA:14,0
DA:16,1
DA:17,0
DA:19,1
DA:21,1
DA:33,1
DA:34,1
DA:36,0
DA:41,0
DA:43,0
DA:48,0
DA:49,0
DA:51,0
DA:56,0
DA:57,0
DA:58,0
DA:60,0
DA:64,0
DA:84,0
DA:85,0
DA:87,0
DA:92,0
DA:93,0
DA:94,0
DA:95,0
DA:97,0
DA:99,0
DA:108,0
DA:109,0
DA:110,0
DA:117,0
DA:118,0
DA:123,1
DA:158,1
DA:159,1
DA:161,1
DA:165,2
DA:233,2
DA:234,2
DA:235,2
DA:248,0
DA:249,0
DA:251,0
DA:255,0
DA:266,0
DA:267,0
DA:270,0
DA:271,0
DA:273,0
DA:290,0
DA:291,0
DA:293,0
DA:297,0
DA:298,0
DA:299,0
DA:301,0
DA:302,0
DA:306,0
DA:312,0
DA:313,0
DA:314,0
DA:316,0
DA:323,0
DA:324,0
DA:335,0
DA:339,0
DA:340,0
DA:343,0
DA:344,0
DA:345,0
DA:348,0
DA:349,0
DA:350,0
DA:352,0
DA:355,0
DA:356,0
DA:367,0
DA:374,0
DA:376,0
DA:377,0
DA:381,0
DA:382,0
DA:385,0
DA:390,1
LF:92
LH:21
BRDA:9,0,0,0
BRDA:9,0,1,1
BRDA:13,1,0,0
BRDA:13,1,1,1
BRDA:16,2,0,0
BRDA:16,2,1,1
BRDA:33,3,0,1
BRDA:33,3,1,0
BRDA:48,4,0,0
BRDA:48,4,1,0
BRDA:84,5,0,0
BRDA:84,5,1,0
BRDA:94,6,0,0
BRDA:94,6,1,0
BRDA:266,7,0,0
BRDA:266,7,1,0
BRDA:266,8,0,0
BRDA:266,8,1,0
BRDA:290,9,0,0
BRDA:290,9,1,0
BRDA:298,10,0,0
BRDA:298,10,1,0
BRDA:298,11,0,0
BRDA:298,11,1,0
BRDA:313,12,0,0
BRDA:313,12,1,0
BRDA:349,13,0,0
BRDA:349,13,1,0
BRF:28
BRH:4
end_of_record
TN:
SF:resolvers\trip.js
FN:17,(anonymous_0)
FN:30,(anonymous_1)
FN:38,(anonymous_2)
FN:47,(anonymous_3)
FN:56,(anonymous_4)
FN:65,(anonymous_5)
FN:70,(anonymous_6)
FN:82,(anonymous_7)
FN:89,(anonymous_8)
FNF:9
FNH:3
FNDA:1,(anonymous_0)
FNDA:2,(anonymous_1)
FNDA:1,(anonymous_2)
FNDA:0,(anonymous_3)
FNDA:0,(anonymous_4)
FNDA:0,(anonymous_5)
FNDA:0,(anonymous_6)
FNDA:0,(anonymous_7)
FNDA:0,(anonymous_8)
DA:12,1
DA:13,1
DA:15,1
DA:18,1
DA:19,1
DA:20,1
DA:21,1
DA:22,0
DA:24,1
DA:25,1
DA:27,1
DA:31,2
DA:32,2
DA:33,2
DA:39,1
DA:40,1
DA:41,1
DA:42,1
DA:44,1
DA:48,0
DA:49,0
DA:51,0
DA:52,0
DA:53,0
DA:57,0
DA:58,0
DA:60,0
DA:61,0
DA:63,0
DA:66,0
DA:67,0
DA:71,0
DA:72,0
DA:74,0
DA:80,0
DA:83,0
DA:84,0
DA:86,0
DA:87,0
DA:90,0
DA:91,0
DA:92,0
DA:93,0
DA:97,1
LF:44
LH:19
BRDA:21,0,0,0
BRDA:21,0,1,1
BRF:2
BRH:1
end_of_record
TN:
SF:schema\trip.js
FNF:0
FNH:0
DA:1,1
DA:109,1
LF:2
LH:2
BRF:0
BRH:0
end_of_record
