TN:
SF:config\db.js
FNF:0
FNH:0
DA:1,3
DA:2,3
DA:5,3
DA:7,3
DA:9,3
LF:5
LH:5
BRF:0
BRH:0
end_of_record
TN:
SF:config\midtransConfig.js
FNF:0
FNH:0
DA:1,1
DA:3,1
DA:9,1
LF:3
LH:3
BRF:0
BRH:0
end_of_record
TN:
SF:config\redis.js
FNF:0
FNH:0
DA:1,1
DA:5,1
DA:13,1
LF:3
LH:3
BRF:0
BRH:0
end_of_record
TN:
SF:helpers\bcryptjs.js
FN:4,hashPassword
FN:10,checkPassword
FNF:2
FNH:2
FNDA:1,hashPassword
FNDA:1,checkPassword
DA:1,2
DA:5,1
DA:6,1
DA:7,1
DA:11,1
DA:14,2
LF:6
LH:6
BRF:0
BRH:0
end_of_record
TN:
SF:models\Activity.js
FN:6,(anonymous_0)
FN:40,(anonymous_1)
FN:53,(anonymous_2)
FN:65,(anonymous_3)
FN:82,(anonymous_4)
FN:95,(anonymous_5)
FN:146,(anonymous_6)
FN:161,(anonymous_7)
FNF:8
FNH:8
FNDA:1,(anonymous_0)
FNDA:5,(anonymous_1)
FNDA:1,(anonymous_2)
FNDA:1,(anonymous_3)
FNDA:1,(anonymous_4)
FNDA:1,(anonymous_5)
FNDA:1,(anonymous_6)
FNDA:1,(anonymous_7)
DA:1,2
DA:2,2
DA:3,2
DA:16,1
DA:17,1
DA:18,1
DA:19,1
DA:20,1
DA:21,1
DA:23,1
DA:37,1
DA:41,5
DA:48,5
DA:49,5
DA:50,5
DA:54,1
DA:55,1
DA:62,1
DA:66,1
DA:68,1
DA:78,1
DA:79,1
DA:83,1
DA:84,1
DA:91,1
DA:92,1
DA:107,1
DA:108,1
DA:109,1
DA:110,1
DA:122,1
DA:127,1
DA:128,0
DA:133,1
DA:139,1
DA:140,0
DA:143,1
DA:147,1
DA:148,1
DA:152,1
DA:153,0
DA:158,1
DA:162,1
DA:163,1
DA:170,1
DA:176,1
DA:179,1
DA:180,1
DA:184,2
LF:49
LH:46
BRDA:127,0,0,0
BRDA:127,0,1,1
BRDA:139,1,0,0
BRDA:139,1,1,1
BRDA:143,2,0,1
BRDA:143,2,1,1
BRDA:152,3,0,0
BRDA:152,3,1,1
BRF:8
BRH:5
end_of_record
TN:
SF:models\Trip.js
FN:7,(anonymous_0)
FN:35,(anonymous_1)
FN:45,(anonymous_2)
FN:77,(anonymous_3)
FN:104,(anonymous_4)
FN:146,(anonymous_5)
FN:229,(anonymous_6)
FN:273,(anonymous_7)
FN:296,(anonymous_8)
FN:315,(anonymous_9)
FN:320,(anonymous_10)
FN:327,(anonymous_11)
FNF:12
FNH:12
FNDA:4,(anonymous_0)
FNDA:1,(anonymous_1)
FNDA:1,(anonymous_2)
FNDA:2,(anonymous_3)
FNDA:1,(anonymous_4)
FNDA:1,(anonymous_5)
FNDA:1,(anonymous_6)
FNDA:1,(anonymous_7)
FNDA:1,(anonymous_8)
FNDA:1,(anonymous_9)
FNDA:1,(anonymous_10)
FNDA:1,(anonymous_11)
DA:1,1
DA:2,1
DA:3,1
DA:4,1
DA:8,4
DA:9,4
DA:10,1
DA:13,3
DA:14,1
DA:16,2
DA:17,1
DA:19,1
DA:21,1
DA:32,1
DA:36,1
DA:38,1
DA:42,1
DA:46,1
DA:47,1
DA:48,1
DA:50,1
DA:54,1
DA:73,1
DA:78,2
DA:79,2
DA:80,1
DA:82,1
DA:91,1
DA:92,1
DA:93,1
DA:100,0
DA:105,1
DA:140,1
DA:141,1
DA:142,1
DA:143,1
DA:147,1
DA:215,1
DA:216,1
DA:217,1
DA:230,1
DA:231,1
DA:233,1
DA:237,1
DA:248,1
DA:249,0
DA:252,1
DA:253,1
DA:255,1
DA:271,1
DA:274,1
DA:275,1
DA:276,0
DA:278,1
DA:279,1
DA:283,1
DA:289,1
DA:290,1
DA:297,1
DA:298,1
DA:309,1
DA:312,1
DA:315,1
DA:316,1
DA:317,1
DA:320,1
DA:321,1
DA:322,1
DA:324,0
DA:327,1
DA:328,1
DA:339,1
DA:346,1
DA:350,1
LF:74
LH:70
BRDA:9,0,0,1
BRDA:9,0,1,3
BRDA:13,1,0,1
BRDA:13,1,1,2
BRDA:16,2,0,1
BRDA:16,2,1,1
BRDA:248,3,0,0
BRDA:248,3,1,1
BRDA:248,4,0,1
BRDA:248,4,1,1
BRDA:275,5,0,0
BRDA:275,5,1,1
BRDA:275,6,0,1
BRDA:275,6,1,1
BRDA:321,7,0,1
BRDA:321,7,1,0
BRF:16
BRH:13
end_of_record
TN:
SF:models\User.js
FN:17,(anonymous_0)
FN:53,(anonymous_1)
FN:77,(anonymous_2)
FNF:3
FNH:3
FNDA:1,(anonymous_0)
FNDA:1,(anonymous_1)
FNDA:1,(anonymous_2)
DA:1,2
DA:2,2
DA:3,2
DA:4,2
DA:5,2
DA:6,2
DA:10,2
DA:18,1
DA:25,1
DA:26,0
DA:29,1
DA:31,1
DA:32,1
DA:33,0
DA:35,1
DA:36,1
DA:37,1
DA:38,0
DA:41,1
DA:42,1
DA:49,1
DA:50,1
DA:54,1
DA:55,0
DA:57,1
DA:58,0
DA:61,1
DA:63,1
DA:64,1
DA:65,0
DA:67,1
DA:68,0
DA:70,1
DA:74,1
DA:75,1
DA:78,1
DA:79,1
DA:80,1
DA:81,0
DA:83,1
DA:87,2
LF:41
LH:33
BRDA:25,0,0,0
BRDA:25,0,1,1
BRDA:32,1,0,0
BRDA:32,1,1,1
BRDA:37,2,0,0
BRDA:37,2,1,1
BRDA:54,3,0,0
BRDA:54,3,1,1
BRDA:57,4,0,0
BRDA:57,4,1,1
BRDA:64,5,0,0
BRDA:64,5,1,1
BRDA:67,6,0,0
BRDA:67,6,1,1
BRDA:80,7,0,0
BRDA:80,7,1,1
BRF:16
BRH:8
end_of_record
TN:
SF:resolvers\activity.js
FN:7,(anonymous_0)
FN:11,(anonymous_1)
FN:16,(anonymous_2)
FN:21,(anonymous_3)
FN:28,(anonymous_4)
FN:49,(anonymous_5)
FN:77,(anonymous_6)
FN:89,(anonymous_7)
FNF:8
FNH:8
FNDA:1,(anonymous_0)
FNDA:1,(anonymous_1)
FNDA:1,(anonymous_2)
FNDA:1,(anonymous_3)
FNDA:1,(anonymous_4)
FNDA:1,(anonymous_5)
FNDA:1,(anonymous_6)
FNDA:1,(anonymous_7)
DA:1,1
DA:2,1
DA:3,1
DA:5,1
DA:8,1
DA:9,1
DA:12,1
DA:13,1
DA:14,1
DA:17,1
DA:18,1
DA:19,1
DA:22,1
DA:23,1
DA:24,1
DA:29,1
DA:30,1
DA:31,1
DA:32,1
DA:43,1
DA:46,0
DA:60,1
DA:61,1
DA:63,1
DA:75,1
DA:78,1
DA:79,1
DA:80,1
DA:81,1
DA:85,1
DA:90,1
DA:91,1
DA:92,1
DA:93,1
DA:94,1
DA:95,1
DA:96,1
DA:103,1
DA:104,1
DA:109,1
LF:40
LH:39
BRDA:31,0,0,1
BRDA:31,0,1,0
BRDA:80,1,0,1
BRDA:80,1,1,0
BRF:4
BRH:2
end_of_record
TN:
SF:resolvers\trip.js
FN:17,(anonymous_0)
FN:25,(anonymous_1)
FN:33,(anonymous_2)
FN:42,(anonymous_3)
FN:51,(anonymous_4)
FN:60,(anonymous_5)
FN:65,(anonymous_6)
FN:77,(anonymous_7)
FN:84,(anonymous_8)
FNF:9
FNH:9
FNDA:1,(anonymous_0)
FNDA:1,(anonymous_1)
FNDA:4,(anonymous_2)
FNDA:1,(anonymous_3)
FNDA:1,(anonymous_4)
FNDA:2,(anonymous_5)
FNDA:1,(anonymous_6)
FNDA:1,(anonymous_7)
FNDA:1,(anonymous_8)
DA:12,1
DA:13,1
DA:15,1
DA:18,1
DA:19,1
DA:20,1
DA:21,1
DA:22,1
DA:23,1
DA:26,1
DA:27,1
DA:28,1
DA:34,4
DA:35,4
DA:36,4
DA:37,1
DA:39,1
DA:43,1
DA:44,1
DA:46,1
DA:47,1
DA:48,1
DA:52,1
DA:53,1
DA:55,1
DA:56,1
DA:58,1
DA:61,2
DA:62,1
DA:66,1
DA:67,1
DA:69,1
DA:75,1
DA:78,1
DA:79,1
DA:81,1
DA:82,1
DA:85,1
DA:86,1
DA:87,1
DA:88,1
DA:92,1
LF:42
LH:42
BRF:0
BRH:0
end_of_record
TN:
SF:resolvers\user.js
FN:8,(anonymous_0)
FN:12,(anonymous_1)
FNF:2
FNH:2
FNDA:1,(anonymous_0)
FNDA:1,(anonymous_1)
DA:1,1
DA:3,1
DA:9,1
DA:10,1
DA:13,1
DA:14,1
DA:19,1
LF:7
LH:7
BRF:0
BRH:0
end_of_record
TN:
SF:schema\activity.js
FNF:0
FNH:0
DA:1,1
DA:53,1
LF:2
LH:2
BRF:0
BRH:0
end_of_record
TN:
SF:schema\trip.js
FNF:0
FNH:0
DA:1,1
DA:109,1
LF:2
LH:2
BRF:0
BRH:0
end_of_record
TN:
SF:schema\user.js
FNF:0
FNH:0
DA:1,1
DA:31,1
LF:2
LH:2
BRF:0
BRH:0
end_of_record
